  stdafx.cpp
  Texture.cpp
  Shaders.cpp
  Shader.cpp
  SceneObject.cpp
c:\users\poli\desktop\ap_gameengine\newtrainingframework_2015\newtrainingframework\sceneobject.cpp(57): warning C4018: '<': signed/unsigned mismatch
  sceneManager.cpp
c:\users\poli\desktop\ap_gameengine\newtrainingframework_2015\newtrainingframework\scenemanager.cpp(34): warning C4244: '=': conversion from 'double' to 'GLfloat', possible loss of data
c:\users\poli\desktop\ap_gameengine\newtrainingframework_2015\newtrainingframework\scenemanager.cpp(35): warning C4244: '=': conversion from 'double' to 'GLfloat', possible loss of data
c:\users\poli\desktop\ap_gameengine\newtrainingframework_2015\newtrainingframework\scenemanager.cpp(36): warning C4244: '=': conversion from 'double' to 'GLfloat', possible loss of data
c:\users\poli\desktop\ap_gameengine\newtrainingframework_2015\newtrainingframework\scenemanager.cpp(44): warning C4244: 'argument': conversion from 'double' to 'GLfloat', possible loss of data
c:\users\poli\desktop\ap_gameengine\newtrainingframework_2015\newtrainingframework\scenemanager.cpp(47): warning C4244: 'argument': conversion from 'double' to 'GLfloat', possible loss of data
c:\users\poli\desktop\ap_gameengine\newtrainingframework_2015\newtrainingframework\scenemanager.cpp(50): warning C4244: 'argument': conversion from 'double' to 'GLfloat', possible loss of data
c:\users\poli\desktop\ap_gameengine\newtrainingframework_2015\newtrainingframework\scenemanager.cpp(68): warning C4244: 'argument': conversion from 'double' to 'GLfloat', possible loss of data
c:\users\poli\desktop\ap_gameengine\newtrainingframework_2015\newtrainingframework\scenemanager.cpp(71): warning C4244: 'argument': conversion from 'double' to 'GLfloat', possible loss of data
c:\users\poli\desktop\ap_gameengine\newtrainingframework_2015\newtrainingframework\scenemanager.cpp(74): warning C4244: 'argument': conversion from 'double' to 'GLfloat', possible loss of data
  resourceManager.cpp
  NewTrainingFramework.cpp
c:\users\poli\desktop\ap_gameengine\newtrainingframework_2015\newtrainingframework\newtrainingframework.cpp(44): warning C4305: '-=': truncation from 'double' to 'float'
  Model.cpp
c:\users\poli\desktop\ap_gameengine\newtrainingframework_2015\newtrainingframework\model.cpp(55): warning C4244: '=': conversion from 'double' to 'float', possible loss of data
c:\users\poli\desktop\ap_gameengine\newtrainingframework_2015\newtrainingframework\model.cpp(64): warning C4244: '=': conversion from 'double' to 'float', possible loss of data
c:\users\poli\desktop\ap_gameengine\newtrainingframework_2015\newtrainingframework\model.cpp(70): warning C4244: '=': conversion from 'double' to 'float', possible loss of data
c:\users\poli\desktop\ap_gameengine\newtrainingframework_2015\newtrainingframework\model.cpp(80): warning C4244: '=': conversion from 'double' to 'float', possible loss of data
c:\users\poli\desktop\ap_gameengine\newtrainingframework_2015\newtrainingframework\model.cpp(86): warning C4244: '=': conversion from 'double' to 'float', possible loss of data
c:\users\poli\desktop\ap_gameengine\newtrainingframework_2015\newtrainingframework\model.cpp(96): warning C4244: '=': conversion from 'double' to 'float', possible loss of data
c:\users\poli\desktop\ap_gameengine\newtrainingframework_2015\newtrainingframework\model.cpp(103): warning C4244: '=': conversion from 'double' to 'float', possible loss of data
c:\users\poli\desktop\ap_gameengine\newtrainingframework_2015\newtrainingframework\model.cpp(113): warning C4244: '=': conversion from 'double' to 'float', possible loss of data
c:\users\poli\desktop\ap_gameengine\newtrainingframework_2015\newtrainingframework\model.cpp(120): warning C4244: '=': conversion from 'double' to 'float', possible loss of data
  Camera.cpp
c:\users\poli\desktop\ap_gameengine\newtrainingframework_2015\newtrainingframework\camera.cpp(71): warning C4244: 'argument': conversion from 'int' to 'GLfloat', possible loss of data
c:\users\poli\desktop\ap_gameengine\newtrainingframework_2015\newtrainingframework\camera.cpp(80): warning C4244: 'argument': conversion from 'int' to 'GLfloat', possible loss of data
c:\users\poli\desktop\ap_gameengine\newtrainingframework_2015\newtrainingframework\camera.cpp(89): warning C4244: 'argument': conversion from 'int' to 'GLfloat', possible loss of data
  Generating Code...
Camera.obj : warning LNK4075: ignoring '/EDITANDCONTINUE' due to '/SAFESEH' specification
LINK : fatal error LNK1207: incompatible PDB format in 'C:\Users\Poli\Desktop\Ap_GameEngine\NewTrainingFramework_2015\BIN-ATI\NewTrainingFramework.pdb'; delete and rebuild
