e:\projects\game_engine\newtrainingframework_2015\newtrainingframework\debug-nvidia\newtrainingframework.pch
e:\projects\game_engine\newtrainingframework_2015\newtrainingframework\debug-nvidia\vc141.pdb
e:\projects\game_engine\newtrainingframework_2015\newtrainingframework\debug-nvidia\vc141.idb
e:\projects\game_engine\newtrainingframework_2015\newtrainingframework\debug-nvidia\stdafx.obj
e:\projects\game_engine\newtrainingframework_2015\newtrainingframework\debug-nvidia\camera.obj
e:\projects\game_engine\newtrainingframework_2015\newtrainingframework\debug-nvidia\model.obj
e:\projects\game_engine\newtrainingframework_2015\newtrainingframework\debug-nvidia\newtrainingframework.obj
e:\projects\game_engine\newtrainingframework_2015\newtrainingframework\debug-nvidia\resourcemanager.obj
e:\projects\game_engine\newtrainingframework_2015\newtrainingframework\debug-nvidia\scenemanager.obj
e:\projects\game_engine\newtrainingframework_2015\newtrainingframework\debug-nvidia\sceneobject.obj
e:\projects\game_engine\newtrainingframework_2015\newtrainingframework\debug-nvidia\shader.obj
e:\projects\game_engine\newtrainingframework_2015\newtrainingframework\debug-nvidia\shaders.obj
e:\projects\game_engine\newtrainingframework_2015\newtrainingframework\debug-nvidia\terrain.obj
e:\projects\game_engine\newtrainingframework_2015\newtrainingframework\debug-nvidia\texture.obj
e:\projects\game_engine\newtrainingframework_2015\newtrainingframework\debug-nvidia\skybox.obj
e:\projects\game_engine\newtrainingframework_2015\\bin-nvidia\newtrainingframework.pdb
e:\projects\game_engine\newtrainingframework_2015\\bin-nvidia\newtrainingframework.exe
e:\projects\game_engine\newtrainingframework_2015\\bin-nvidia\newtrainingframework.ilk
e:\projects\game_engine\newtrainingframework_2015\newtrainingframework\debug-nvidia\newtrain.fc024ec8.tlog\cl.command.1.tlog
e:\projects\game_engine\newtrainingframework_2015\newtrainingframework\debug-nvidia\newtrain.fc024ec8.tlog\cl.read.1.tlog
e:\projects\game_engine\newtrainingframework_2015\newtrainingframework\debug-nvidia\newtrain.fc024ec8.tlog\cl.write.1.tlog
e:\projects\game_engine\newtrainingframework_2015\newtrainingframework\debug-nvidia\newtrain.fc024ec8.tlog\link.command.1.tlog
e:\projects\game_engine\newtrainingframework_2015\newtrainingframework\debug-nvidia\newtrain.fc024ec8.tlog\link.read.1.tlog
e:\projects\game_engine\newtrainingframework_2015\newtrainingframework\debug-nvidia\newtrain.fc024ec8.tlog\link.write.1.tlog
